
        time: 20191225-20:49:32,
        ip: ::1,
        router: /
        
        time: 20191225-20:49:33,
        ip: ::1,
        router: /
        
        time: 20191225-20:49:34,
        ip: ::1,
        router: /
        
        time: 20191225-20:49:36,
        ip: ::1,
        router: /
        
        time: 20191225-20:49:38,
        ip: ::1,
        router: /
        
        time: 20191225-20:49:39,
        ip: ::1,
        router: /
        
        time: 20191225-20:49:42,
        ip: ::1,
        router: /test
        
        time: 20191225-20:49:46,
        ip: ::1,
        router: /
        
        time: 20191225-21:15:16,
        ip: ::ffff:195.154.211.33,
        router: /
        
        time: 20191225-21:21:47,
        ip: ::1,
        router: /
        
        time: 20191225-21:21:56,
        ip: ::1,
        router: /
        
        time: 20191225-21:22:06,
        ip: ::1,
        router: /
        
        time: 20191225-21:39:28,
        ip: ::ffff:201.26.69.11,
        router: /
        